2024-10-08 01:21:08,573 - ============================== Params ==============================
2024-10-08 01:21:08,573 - logger_name: shark_MIntRec_multi-class_2024-10-08-01-21-08
2024-10-08 01:21:08,574 - dataset: MIntRec
2024-10-08 01:21:08,574 - data_mode: multi-class
2024-10-08 01:21:08,574 - method: shark
2024-10-08 01:21:08,575 - text_backbone: bert-base-uncased
2024-10-08 01:21:08,575 - seed: 3
2024-10-08 01:21:08,575 - num_workers: 8
2024-10-08 01:21:08,577 - gpu_id: 0
2024-10-08 01:21:08,577 - data_path: datasets
2024-10-08 01:21:08,578 - train: True
2024-10-08 01:21:08,578 - tune: False
2024-10-08 01:21:08,579 - save_model: False
2024-10-08 01:21:08,586 - save_results: True
2024-10-08 01:21:08,586 - log_path: logs
2024-10-08 01:21:08,587 - cache_path: cache
2024-10-08 01:21:08,587 - video_data_path: video_data
2024-10-08 01:21:08,588 - audio_data_path: audio_data
2024-10-08 01:21:08,588 - video_feats_path: video_feats.pkl
2024-10-08 01:21:08,588 - audio_feats_path: audio_feats.pkl
2024-10-08 01:21:08,589 - results_path: results
2024-10-08 01:21:08,589 - output_path: outputs
2024-10-08 01:21:08,590 - model_path: models
2024-10-08 01:21:08,590 - config_file_name: shark
2024-10-08 01:21:08,590 - results_file_name: shark.csv
2024-10-08 01:21:08,591 - weight_fuse_relation: 0.9
2024-10-08 01:21:08,591 - padding_mode: zero
2024-10-08 01:21:08,592 - padding_loc: end
2024-10-08 01:21:08,592 - need_aligned: True
2024-10-08 01:21:08,592 - eval_monitor: f1
2024-10-08 01:21:08,593 - train_batch_size: 16
2024-10-08 01:21:08,593 - eval_batch_size: 8
2024-10-08 01:21:08,594 - test_batch_size: 8
2024-10-08 01:21:08,594 - wait_patience: 8
2024-10-08 01:21:08,595 - num_train_epochs: 100
2024-10-08 01:21:08,595 - beta_shift: 0.005
2024-10-08 01:21:08,595 - dropout_prob: 0.5
2024-10-08 01:21:08,596 - warmup_proportion: 0.1
2024-10-08 01:21:08,596 - lr: 2e-05
2024-10-08 01:21:08,598 - aligned_method: ctc
2024-10-08 01:21:08,598 - weight_decay: 0.03
2024-10-08 01:21:08,598 - temp: 0.07
2024-10-08 01:21:08,599 - dst_feature_dims: 768
2024-10-08 01:21:08,599 - n_levels_self: 1
2024-10-08 01:21:08,599 - n_levels_cross: 1
2024-10-08 01:21:08,600 - dropout_rate: 0.2
2024-10-08 01:21:08,600 - cross_dp_rate: 0.3
2024-10-08 01:21:08,601 - cross_num_heads: 12
2024-10-08 01:21:08,601 - self_num_heads: 8
2024-10-08 01:21:08,601 - pred_output_path: outputs\shark_MIntRec_multi-class_2024-10-08-01-21-08
2024-10-08 01:21:08,602 - model_output_path: outputs\shark_MIntRec_multi-class_2024-10-08-01-21-08\models
2024-10-08 01:21:08,602 - ============================== End Params ==============================
2024-10-08 01:21:08,630 - Generate Text Features Begin...
2024-10-08 01:21:11,707 - Generate Text Features Finished...
2024-10-08 01:21:11,709 - Load Video Features Begin...
2024-10-08 01:21:12,849 - Load Video Features Finished...
2024-10-08 01:21:14,178 - Load Audio Features Begin...
2024-10-08 01:21:24,851 - Load Audio Features Finished...
2024-10-08 01:22:02,286 - Generate Relation Features From comet Begin...
2024-10-08 01:22:07,476 - Generate Relation Features From comet Finished...
2024-10-08 01:22:07,477 - Generate Relation Features From sbert Begin...
2024-10-08 01:22:10,953 - Generate Relation Features From sbert Finished...
2024-10-08 01:22:10,956 - Generate Text Features Begin...
2024-10-08 01:22:16,710 - Generate Text Features Finished...
